Determining if the pthread_create exist failed with the following output:
Change Dir: /home/sb161/ros_labs_ws/src/lab_solution/state_machine/CMakeFiles/CMakeTmp

Run Build Command:/usr/bin/make "cmTryCompileExec3838253331/fast"
/usr/bin/make -f CMakeFiles/cmTryCompileExec3838253331.dir/build.make CMakeFiles/cmTryCompileExec3838253331.dir/build
make[1]: Entering directory `/home/sb161/ros_labs_ws/src/lab_solution/state_machine/CMakeFiles/CMakeTmp'
/usr/bin/cmake -E cmake_progress_report /home/sb161/ros_labs_ws/src/lab_solution/state_machine/CMakeFiles/CMakeTmp/CMakeFiles 1
Building C object CMakeFiles/cmTryCompileExec3838253331.dir/CheckSymbolExists.c.o
/usr/bin/cc    -o CMakeFiles/cmTryCompileExec3838253331.dir/CheckSymbolExists.c.o   -c /home/sb161/ros_labs_ws/src/lab_solution/state_machine/CMakeFiles/CMakeTmp/CheckSymbolExists.c
Linking C executable cmTryCompileExec3838253331
/usr/bin/cmake -E cmake_link_script CMakeFiles/cmTryCompileExec3838253331.dir/link.txt --verbose=1
/usr/bin/cc       CMakeFiles/cmTryCompileExec3838253331.dir/CheckSymbolExists.c.o  -o cmTryCompileExec3838253331 -rdynamic 
CMakeFiles/cmTryCompileExec3838253331.dir/CheckSymbolExists.c.o: In function `main':
CheckSymbolExists.c:(.text+0x16): undefined reference to `pthread_create'
collect2: error: ld returned 1 exit status
make[1]: Leaving directory `/home/sb161/ros_labs_ws/src/lab_solution/state_machine/CMakeFiles/CMakeTmp'
make[1]: *** [cmTryCompileExec3838253331] Error 1
make: *** [cmTryCompileExec3838253331/fast] Error 2

File /home/sb161/ros_labs_ws/src/lab_solution/state_machine/CMakeFiles/CMakeTmp/CheckSymbolExists.c:
/* */
#include <pthread.h>

int main(int argc, char** argv)
{
  (void)argv;
#ifndef pthread_create
  return ((int*)(&pthread_create))[argc];
#else
  (void)argc;
  return 0;
#endif
}

Determining if the function pthread_create exists in the pthreads failed with the following output:
Change Dir: /home/sb161/ros_labs_ws/src/lab_solution/state_machine/CMakeFiles/CMakeTmp

Run Build Command:/usr/bin/make "cmTryCompileExec3631834400/fast"
/usr/bin/make -f CMakeFiles/cmTryCompileExec3631834400.dir/build.make CMakeFiles/cmTryCompileExec3631834400.dir/build
make[1]: Entering directory `/home/sb161/ros_labs_ws/src/lab_solution/state_machine/CMakeFiles/CMakeTmp'
/usr/bin/cmake -E cmake_progress_report /home/sb161/ros_labs_ws/src/lab_solution/state_machine/CMakeFiles/CMakeTmp/CMakeFiles 1
Building C object CMakeFiles/cmTryCompileExec3631834400.dir/CheckFunctionExists.c.o
/usr/bin/cc   -DCHECK_FUNCTION_EXISTS=pthread_create   -o CMakeFiles/cmTryCompileExec3631834400.dir/CheckFunctionExists.c.o   -c /usr/share/cmake-2.8/Modules/CheckFunctionExists.c
Linking C executable cmTryCompileExec3631834400
/usr/bin/cmake -E cmake_link_script CMakeFiles/cmTryCompileExec3631834400.dir/link.txt --verbose=1
/usr/bin/cc   -DCHECK_FUNCTION_EXISTS=pthread_create    CMakeFiles/cmTryCompileExec3631834400.dir/CheckFunctionExists.c.o  -o cmTryCompileExec3631834400 -rdynamic -lpthreads 
/usr/bin/ld: cannot find -lpthreads
collect2: error: ld returned 1 exit status
make[1]: Leaving directory `/home/sb161/ros_labs_ws/src/lab_solution/state_machine/CMakeFiles/CMakeTmp'
make[1]: *** [cmTryCompileExec3631834400] Error 1
make: *** [cmTryCompileExec3631834400/fast] Error 2


